C51 COMPILER V9.60.7.0   MAIN                                                              12/21/2024 10:16:26 PAGE 1   


C51 COMPILER V9.60.7.0, COMPILATION OF MODULE MAIN
OBJECT MODULE PLACED IN .\Objects\main.obj
COMPILER INVOKED BY: D:\C51V961\C51\BIN\C51.EXE main.c OPTIMIZE(8,SPEED) BROWSE DEBUG OBJECTEXTEND PRINT(.\Listings\main
                    -.lst) TABS(2) OBJECT(.\Objects\main.obj)

line level    source

   1          #include <REGX52.H>
   2          #include <INTRINS.H>
   3          
   4          void hold2Light();
   5          
   6          void main()
   7          {
   8   1        hold2Light();
   9   1      }
  10          
  11          void hold2Light()
  12          {
  13   1        while(1)
  14   1        {
  15   2          if (P3_1 == 0)
  16   2          {
  17   3            P2_0 = 0;
  18   3          } else
  19   2          {
  20   3            P2_0 = 1;
  21   3          }
  22   2        }
  23   1      }


MODULE INFORMATION:   STATIC OVERLAYABLE
   CODE SIZE        =     14    ----
   CONSTANT SIZE    =   ----    ----
   XDATA SIZE       =   ----    ----
   PDATA SIZE       =   ----    ----
   DATA SIZE        =   ----    ----
   IDATA SIZE       =   ----    ----
   BIT SIZE         =   ----    ----
END OF MODULE INFORMATION.


C51 COMPILATION COMPLETE.  0 WARNING(S),  0 ERROR(S)
