C51 COMPILER V9.60.7.0   MAIN                                                              12/23/2024 05:35:32 PAGE 1   


C51 COMPILER V9.60.7.0, COMPILATION OF MODULE MAIN
OBJECT MODULE PLACED IN .\Objects\main.obj
COMPILER INVOKED BY: D:\C51V961\C51\BIN\C51.EXE main.c OPTIMIZE(8,SPEED) BROWSE DEBUG OBJECTEXTEND PRINT(.\Listings\main
                    -.lst) TABS(2) OBJECT(.\Objects\main.obj)

line level    source

   1          /*
   2          Xinyu Liu self-taught 8051 MCU
   3          Description: this program achive simple lock.
   4          Version@2024/12/23
   5          */
   6          
   7          #include <REGX52.H>
   8          #include <INTRINS.H>
   9          #include <STDLIB.H>
  10          #include "LCD1602.h"
  11          #include "Delay.h"
  12          #include "MatrixKey.h"
  13          
  14          void main()
  15          {
  16   1        unsigned char key;
  17   1        unsigned int try1;
  18   1        unsigned int try2;
  19   1        unsigned int try3;
  20   1        unsigned int try4;
  21   1        unsigned int password;
  22   1        int count;
  23   1        int i;
  24   1        LCD_Init();
  25   1        
  26   1        password = 5711;
  27   1        LCD_ShowString(1, 1, "Password: ");
  28   1        count = 0;
  29   1        try1 = 0;
  30   1        try2 = 0;
  31   1        try3 = 0;
  32   1        try4 = 0;
  33   1        while(1)
  34   1        {
  35   2          key = matrixKey();
  36   2          if(key) //it cannot show 1000 correctly, so dont make number that big, change plan.
  37   2          { 
  38   3            count++;
  39   3            
  40   3            if (count == 1) {try1 = key;}
  41   3            if (count == 2) {try2 = key;}
  42   3            if (count == 3) {try3 = key;}
  43   3            if (count == 4) {try4 = key;}
  44   3            
  45   3            LCD_ShowNum(2, 1, try1, 1);
  46   3            LCD_ShowNum(2, 2, try2, 1);
  47   3            LCD_ShowNum(2, 3, try3, 1);
  48   3            LCD_ShowNum(2, 4, try4, 1);
  49   3            
  50   3            if (count == 4) //when enter 4 digits
  51   3            {
  52   4              if (try1 * 1000 + try2 * 100 + try3 * 10 + try4 != password)
  53   4              {
  54   5                LCD_ShowString(1, 14, "ERR");
C51 COMPILER V9.60.7.0   MAIN                                                              12/23/2024 05:35:32 PAGE 2   

  55   5                //LCD_ShowNum(2, 6, try1 * 1000 + try2 * 100 + try3 * 10 + try4, 4);
  56   5                //LCD_ShowNum(2, 11, password, 4);
  57   5              } else
  58   4              {
  59   5                LCD_ShowString(1, 14, "VAL");
  60   5              }
  61   4              try1 = 0;
  62   4              try2 = 0;
  63   4              try3 = 0;
  64   4              try4 = 0;
  65   4              count = 0;
  66   4            }
  67   3          }
  68   2        }
  69   1      }
*** WARNING C280 IN LINE 23 OF main.c: 'i': unreferenced local variable


MODULE INFORMATION:   STATIC OVERLAYABLE
   CODE SIZE        =    285    ----
   CONSTANT SIZE    =     19    ----
   XDATA SIZE       =   ----    ----
   PDATA SIZE       =   ----    ----
   DATA SIZE        =   ----      14
   IDATA SIZE       =   ----    ----
   BIT SIZE         =   ----    ----
END OF MODULE INFORMATION.


C51 COMPILATION COMPLETE.  1 WARNING(S),  0 ERROR(S)
