C51 COMPILER V9.60.7.0   MAIN                                                              12/23/2024 04:37:19 PAGE 1   


C51 COMPILER V9.60.7.0, COMPILATION OF MODULE MAIN
OBJECT MODULE PLACED IN .\Objects\main.obj
COMPILER INVOKED BY: D:\C51V961\C51\BIN\C51.EXE main.c OPTIMIZE(8,SPEED) BROWSE DEBUG OBJECTEXTEND PRINT(.\Listings\main
                    -.lst) TABS(2) OBJECT(.\Objects\main.obj)

line level    source

   1          /*
   2          Xinyu Liu self-taught 8051 MCU
   3          Description: this program contains basic control to matrix_button module
   4          Version@2024/12/23
   5          */
   6          
   7          #include <REGX52.H>
   8          #include <INTRINS.H>
   9          #include "LCD1602.h"
  10          #include "Delay.h"
  11          #include "MatrixKey.h"
  12          
  13          void main()
  14          {
  15   1        unsigned char key;
  16   1        
  17   1        LCD_Init();
  18   1        LCD_ShowString(1, 1, "Key pressed: ");
  19   1        while(1)
  20   1        {
  21   2          key = matrixKey();
  22   2          if(key)
  23   2          {
  24   3            LCD_ShowNum(2, 1, key, 2);
  25   3          }
  26   2        }
  27   1      }


MODULE INFORMATION:   STATIC OVERLAYABLE
   CODE SIZE        =     40    ----
   CONSTANT SIZE    =     14    ----
   XDATA SIZE       =   ----    ----
   PDATA SIZE       =   ----    ----
   DATA SIZE        =   ----       1
   IDATA SIZE       =   ----    ----
   BIT SIZE         =   ----    ----
END OF MODULE INFORMATION.


C51 COMPILATION COMPLETE.  0 WARNING(S),  0 ERROR(S)
