C51 COMPILER V9.60.7.0   DELAY_S                                                           01/03/2025 09:54:13 PAGE 1   


C51 COMPILER V9.60.7.0, COMPILATION OF MODULE DELAY_S
OBJECT MODULE PLACED IN .\Objects\Delay_s.obj
COMPILER INVOKED BY: D:\C51V961\C51\BIN\C51.EXE Delay_s.c OPTIMIZE(8,SPEED) BROWSE DEBUG OBJECTEXTEND PRINT(.\Listings\D
                    -elay_s.lst) TABS(2) OBJECT(.\Objects\Delay_s.obj)

line level    source

   1          /*
   2          Delay_s function source codes, this is shorter time than Delay...
   3          */
   4          
   5          #include <REGX52.H>
   6          #include <INTRINS.H>
   7          
   8          void Delay_s(unsigned char x10us) //@11.0592MHz
   9          {
  10   1        unsigned char data i;
  11   1        
  12   1        while(x10us--)
  13   1        {
  14   2          i = 2;
  15   2          while (--i);  
  16   2        }
  17   1      }
  18          


MODULE INFORMATION:   STATIC OVERLAYABLE
   CODE SIZE        =     15    ----
   CONSTANT SIZE    =   ----    ----
   XDATA SIZE       =   ----    ----
   PDATA SIZE       =   ----    ----
   DATA SIZE        =   ----    ----
   IDATA SIZE       =   ----    ----
   BIT SIZE         =   ----    ----
END OF MODULE INFORMATION.


C51 COMPILATION COMPLETE.  0 WARNING(S),  0 ERROR(S)
