C51 COMPILER V9.60.7.0   MATRIXLED                                                         01/03/2025 09:54:13 PAGE 1   


C51 COMPILER V9.60.7.0, COMPILATION OF MODULE MATRIXLED
OBJECT MODULE PLACED IN .\Objects\MatrixLED.obj
COMPILER INVOKED BY: D:\C51V961\C51\BIN\C51.EXE MatrixLED.c OPTIMIZE(8,SPEED) BROWSE DEBUG OBJECTEXTEND PRINT(.\Listings
                    -\MatrixLED.lst) TABS(2) OBJECT(.\Objects\MatrixLED.obj)

line level    source

   1          /*
   2          Xinyu Liu self-taught 8051 MCU
   3          Description: this is for correctly show things on matrix LED.
   4          Version@2025/1/3
   5          */
   6          
   7          #include <REGX52.H>
   8          #include <INTRINS.H>
   9          #include "Delay_s.h"
  10          
  11          void SR_Write(unsigned char);
  12          
  13          sbit RC = P3^5;
  14          sbit SRC = P3^6;
  15          sbit SER = P3^4;
  16          
  17          //this is range from 0-7
  18          void MLED_ShowColumn(unsigned char columnNub, rowData)
  19          {
  20   1        SR_Write(rowData);
  21   1        P0 = ~(0x80 >> columnNub);
  22   1        Delay_s(50); //make light littler longer
  23   1        P0 = ~0x00; //zero it
  24   1        
  25   1      }
  26          
  27          //input range is from 1-8 for x and y
  28          void MLED_ShowPoint(unsigned char x, y)
  29          {
  30   1        MLED_ShowColumn(x - 1, 0x80 >> (8 - y));
  31   1        
  32   1      }
  33          
  34          void SR_Write(unsigned char byte) //push active row numbers to matrix
  35          {
  36   1        unsigned int i;
  37   1        for (i = 0; i < 8; i++)
  38   1        {
  39   2          SER = byte & (0x80 >> i); //1000 0000 since the matrix's rows are down to up
  40   2          SRC = 1;
  41   2          SRC = 0;
  42   2        }
  43   1        
  44   1        RC = 1;
  45   1        RC = 0;
  46   1      }
  47          
  48          void MLED_Init()
  49          {
  50   1        SRC = 0;
  51   1        RC = 0;
  52   1      }


C51 COMPILER V9.60.7.0   MATRIXLED                                                         01/03/2025 09:54:13 PAGE 2   

MODULE INFORMATION:   STATIC OVERLAYABLE
   CODE SIZE        =    125    ----
   CONSTANT SIZE    =   ----    ----
   XDATA SIZE       =   ----    ----
   PDATA SIZE       =   ----    ----
   DATA SIZE        =   ----       1
   IDATA SIZE       =   ----    ----
   BIT SIZE         =   ----    ----
END OF MODULE INFORMATION.


C51 COMPILATION COMPLETE.  0 WARNING(S),  0 ERROR(S)
