C51 COMPILER V9.60.7.0   MAIN                                                              12/21/2024 08:54:29 PAGE 1   


C51 COMPILER V9.60.7.0, COMPILATION OF MODULE MAIN
OBJECT MODULE PLACED IN .\Objects\main.obj
COMPILER INVOKED BY: D:\C51V961\C51\BIN\C51.EXE main.c OPTIMIZE(8,SPEED) BROWSE DEBUG OBJECTEXTEND PRINT(.\Listings\main
                    -.lst) TABS(2) OBJECT(.\Objects\main.obj)

line level    source

   1          /*
   2          Xinyu Liu self-taught 8051 MCU
   3          
   4          version@2024/12/21
   5          */
   6          
   7          #include <REGX52.H>
   8          #include <INTRINS.H>
   9          
  10          void sepLight();
  11          void blinkLight();
  12          void Delay1ms(unsigned int);
  13          void oneByOneLight(unsigned int);
  14          
  15          void main()
  16          {
  17   1        oneByOneLight(125);
  18   1      }
  19          
  20          /*
  21          LED will light up separately.
  22          */
  23          void sepLight()
  24          {
  25   1        P2 = 0xAA + 1; //1010 1010
  26   1      }
  27          
  28          /*
  29          LED will blink separately every second.
  30          */
  31          void blinkLight()
  32          {
  33   1        while(1)
  34   1        {
  35   2          P2 = 0x55;
  36   2          Delay1ms(500);
  37   2          P2 = 0xAA;
  38   2          Delay1ms(500);
  39   2        }
  40   1      }
  41          
  42          /*
  43          Delay for 500ms
  44          */
  45          void Delay1ms(unsigned int xms) //@11.0592MHz
  46          {
  47   1        unsigned char data i, j;
  48   1        
  49   1        while(xms)
  50   1        {
  51   2            _nop_();
  52   2          i = 2;
  53   2          j = 199;
  54   2          do
C51 COMPILER V9.60.7.0   MAIN                                                              12/21/2024 08:54:29 PAGE 2   

  55   2          {
  56   3            while (--j);
  57   3          } while (--i);
  58   2          
  59   2          xms--;
  60   2        }
  61   1        
  62   1      }
  63          
  64          
  65          void oneByOneLight(unsigned int xms) //use of shift << in 0 also important...
  66          {
  67   1        unsigned led = 0x01;
  68   1        
  69   1        while (1)
  70   1        {
  71   2          while (led != 0x01) //0000 0001
  72   2          {
  73   3            P2 = ~led;
  74   3            led >>= 1;
  75   3            Delay1ms(xms);
  76   3          }
  77   2          
  78   2          while (led != 0x80) //1000 0000
  79   2          {
  80   3            P2 = ~led;
  81   3            led <<= 1;
  82   3            Delay1ms(xms);
  83   3          }
  84   2        }
  85   1      }
  86          
  87          
  88          


MODULE INFORMATION:   STATIC OVERLAYABLE
   CODE SIZE        =    129    ----
   CONSTANT SIZE    =   ----    ----
   XDATA SIZE       =   ----    ----
   PDATA SIZE       =   ----    ----
   DATA SIZE        =   ----    ----
   IDATA SIZE       =   ----    ----
   BIT SIZE         =   ----    ----
END OF MODULE INFORMATION.


C51 COMPILATION COMPLETE.  0 WARNING(S),  0 ERROR(S)
