C51 COMPILER V9.60.7.0   MAIN                                                              12/24/2024 05:38:47 PAGE 1   


C51 COMPILER V9.60.7.0, COMPILATION OF MODULE MAIN
OBJECT MODULE PLACED IN .\Objects\main.obj
COMPILER INVOKED BY: D:\C51V961\C51\BIN\C51.EXE main.c OPTIMIZE(8,SPEED) BROWSE DEBUG OBJECTEXTEND PRINT(.\Listings\main
                    -.lst) TABS(2) OBJECT(.\Objects\main.obj)

line level    source

   1          /*
   2          Xinyu Liu self-taught 8051 MCU
   3          Description: this program uses timer interrupts to handle LED light with buttons.
   4          Version@2024/12/23
   5          
   6          note: timer timed by crystal oscillator in CPU, and to a certain inpulse, send
   7          request to interrupts, and we need to handle that interrupts, which is called interrupt
   8          handling. There're interrupts priorities to handle, and when CPU to from lower to a higer
   9          priority, this is called "Interrupt nesting".
  10          */
  11          
  12          #include <REGX52.H>
  13          #include <INTRINS.H>
  14          #include "Timer0.h"
  15          #include "Delay.h"
  16          
  17          unsigned char getKey();
  18          unsigned int LEDmode;
  19          unsigned char LED = 0x01; //use _crol_() becaues integer has too many bits.
  20          
  21          void main()
  22          {
  23   1        int key;
  24   1        LEDmode = 0;
  25   1        Timer0_Init();
  26   1        
  27   1        while(1)
  28   1        {
  29   2          key = getKey();
  30   2          if (key)
  31   2          {
  32   3            if (key == 1)
  33   3            {
  34   4              LEDmode = 1;
  35   4            }
  36   3            if (key == 2)
  37   3            {
  38   4              LEDmode = 2;
  39   4              
  40   4            }
  41   3            if (key == 3)
  42   3            {
  43   4              //P2_2 = ~P2_2;
  44   4            }
  45   3            if (key == 4)
  46   3            {
  47   4              //P2_3 = ~P2_3;
  48   4            }
  49   3          }
  50   2        }
  51   1      }
  52          
  53          //handle interruptions from timer0
  54          void Timer0_Routine() interrupt 1
C51 COMPILER V9.60.7.0   MAIN                                                              12/24/2024 05:38:47 PAGE 2   

  55          {
  56   1        static  unsigned int count = 0;
  57   1        
  58   1        TL0 = 0x66; //reset TL and TH
  59   1        TH0 = 0xFC;
  60   1        
  61   1        count++;
  62   1        if (count >= 500)
  63   1        {
  64   2          count = 0;
  65   2          
  66   2          if (LEDmode == 1)
  67   2          {
  68   3            LED = _cror_(LED, 1);
  69   3          }
  70   2          
  71   2          if (LEDmode == 2)
  72   2          {
  73   3            LED = _crol_(LED, 1);
  74   3          }
  75   2          
  76   2          P2 = ~LED;
  77   2        }
  78   1      }
  79          
  80          unsigned char getKey()
  81          {
  82   1        unsigned char key;
  83   1        key = 0;
  84   1        if (P3_1 == 0)
  85   1        {
  86   2          Delay(20);
  87   2          while(P3_1 == 0);
  88   2          Delay(20);
  89   2          key = 1;
  90   2        }
  91   1        
  92   1        if (P3_0 == 0)
  93   1        {
  94   2          Delay(20);
  95   2          while(P3_0 == 0);
  96   2          Delay(20);
  97   2          key = 2;
  98   2        }
  99   1        
 100   1        if (P3_2 == 0)
 101   1        {
 102   2          Delay(20);
 103   2          while(P3_2 == 0);
 104   2          Delay(20);
 105   2          key = 3;
 106   2        }
 107   1        
 108   1        if (P3_3 == 0)
 109   1        {
 110   2          Delay(20);
 111   2          while(P3_3 == 0);
 112   2          Delay(20);
 113   2          key = 4;
 114   2        }
 115   1        
 116   1        return key;
C51 COMPILER V9.60.7.0   MAIN                                                              12/24/2024 05:38:47 PAGE 3   

 117   1      }
 118          


MODULE INFORMATION:   STATIC OVERLAYABLE
   CODE SIZE        =    235    ----
   CONSTANT SIZE    =   ----    ----
   XDATA SIZE       =   ----    ----
   PDATA SIZE       =   ----    ----
   DATA SIZE        =      5       1
   IDATA SIZE       =   ----    ----
   BIT SIZE         =   ----    ----
END OF MODULE INFORMATION.


C51 COMPILATION COMPLETE.  0 WARNING(S),  0 ERROR(S)
