C51 COMPILER V9.60.7.0   TIMER0                                                            12/24/2024 00:54:41 PAGE 1   


C51 COMPILER V9.60.7.0, COMPILATION OF MODULE TIMER0
OBJECT MODULE PLACED IN .\Objects\Timer0.obj
COMPILER INVOKED BY: D:\C51V961\C51\BIN\C51.EXE Timer0.c OPTIMIZE(8,SPEED) BROWSE DEBUG OBJECTEXTEND PRINT(.\Listings\Ti
                    -mer0.lst) TABS(2) OBJECT(.\Objects\Timer0.obj)

line level    source

   1          /*
   2          Xinyu Liu self-taught 8051 MCU
   3          Description: source codes of initializing timer0
   4          Version@2024/12/23
   5          */
   6          
   7          #include <REGX52.H>
   8          
   9          void Timer0_Init()
  10          {
  11   1      //  TMOD = 0x01; //0000 0001 Manual 7.1.1 set mode to timer1 and 16bit timer or adder
  12   1        TMOD &= 0xF0;
  13   1        TMOD |= 0x01;
  14   1        TF0 = 0;
  15   1        TR0 = 1;
  16   1        //assume that 1000 difference is required to make 1ms time difference
  17   1        //store 0 - 65535, TL will flow to TH, and TH flow to TF, so as to interrupt
  18   1      //  TH0 = 64535 / 256; //first 8bit
  19   1      //  TL0 = 64535 % 256; //last 8bit
  20   1        TL0 = 0x66;
  21   1        TH0 = 0xFC;
  22   1        
  23   1        //interrupt enable control register. manual 6.1
  24   1        ET0 = 1;
  25   1        EA = 1;
  26   1        //interrupt priority control register
  27   1        PT0 = 0; //lower priority as default
  28   1      }


MODULE INFORMATION:   STATIC OVERLAYABLE
   CODE SIZE        =     23    ----
   CONSTANT SIZE    =   ----    ----
   XDATA SIZE       =   ----    ----
   PDATA SIZE       =   ----    ----
   DATA SIZE        =   ----    ----
   IDATA SIZE       =   ----    ----
   BIT SIZE         =   ----    ----
END OF MODULE INFORMATION.


C51 COMPILATION COMPLETE.  0 WARNING(S),  0 ERROR(S)
