C51 COMPILER V9.60.7.0   MAIN                                                              12/21/2024 11:15:21 PAGE 1   


C51 COMPILER V9.60.7.0, COMPILATION OF MODULE MAIN
OBJECT MODULE PLACED IN main.OBJ
COMPILER INVOKED BY: D:\C51V961\C51\BIN\C51.EXE main.c OPTIMIZE(8,SPEED) DEBUG OBJECTEXTEND PRINT(.\Listings\main.lst) T
                    -ABS(2)

line level    source

   1          #include <REGX52.H>
   2          #include <INTRINS.H>
   3          
   4          void Delay1ms(unsigned int);
   5          
   6          void main()
   7          {
   8   1        P2_0 = 1;
   9   1        while(1)
  10   1        {
  11   2          if (P3_1 == 0) //click it
  12   2          {
  13   3            Delay1ms(20);
  14   3            while(1) //waiting to release button
  15   3            {
  16   4              if (P3_1 == 1) //released
  17   4              {
  18   5                Delay1ms(20);
  19   5                P2_0 = ~P2_0; //change LED status and exit inner loop
  20   5                break;
  21   5              }
  22   4            }
  23   3          }
  24   2          
  25   2        }
  26   1      }
  27          
  28          /*
  29          Delay customizable number of ms.
  30          */
  31          void Delay1ms(unsigned int xms) //@11.0592MHz
  32          {
  33   1        unsigned char data i, j;
  34   1        while(xms)
  35   1        {
  36   2          _nop_();
  37   2          _nop_();
  38   2          _nop_();
  39   2          i = 11;
  40   2          j = 190;
  41   2          do
  42   2          {
  43   3            while (--j);
  44   3          } while (--i);
  45   2          
  46   2          xms--;
  47   2        }
  48   1      }


MODULE INFORMATION:   STATIC OVERLAYABLE
   CODE SIZE        =     49    ----
   CONSTANT SIZE    =   ----    ----
   XDATA SIZE       =   ----    ----
C51 COMPILER V9.60.7.0   MAIN                                                              12/21/2024 11:15:21 PAGE 2   

   PDATA SIZE       =   ----    ----
   DATA SIZE        =   ----    ----
   IDATA SIZE       =   ----    ----
   BIT SIZE         =   ----    ----
END OF MODULE INFORMATION.


C51 COMPILATION COMPLETE.  0 WARNING(S),  0 ERROR(S)
