C51 COMPILER V9.60.7.0   SERIALCOMMUNICATION                                               12/25/2024 09:54:33 PAGE 1   


C51 COMPILER V9.60.7.0, COMPILATION OF MODULE SERIALCOMMUNICATION
OBJECT MODULE PLACED IN .\Objects\SerialCommunication.obj
COMPILER INVOKED BY: D:\C51V961\C51\BIN\C51.EXE SerialCommunication.c OPTIMIZE(8,SPEED) BROWSE DEBUG OBJECTEXTEND PRINT(
                    -.\Listings\SerialCommunication.lst) TABS(2) OBJECT(.\Objects\SerialCommunication.obj)

line level    source

   1          #include <REGX52.H>
   2          #include <INTRINS.H>
   3          
   4          void UART_Init()
   5          {
   6   1        PCON &= 0x7F;   //??????
   7   1        SCON = 0x50;    //8???,?????
   8   1        TMOD &= 0x0F;   //???????
   9   1        TMOD |= 0x20;   //???????
  10   1        TL1 = 0xFD;     //???????
  11   1        TH1 = 0xFD;     //???????
  12   1        ET1 = 0;      //???????
  13   1        TR1 = 1;      //???1????
  14   1      
  15   1      }
  16          
  17          void UART_Send(unsigned char byte)
  18          {
  19   1        SBUF = byte;
  20   1        while(TI == 0);
  21   1        TI = 0;
  22   1      }


MODULE INFORMATION:   STATIC OVERLAYABLE
   CODE SIZE        =     31    ----
   CONSTANT SIZE    =   ----    ----
   XDATA SIZE       =   ----    ----
   PDATA SIZE       =   ----    ----
   DATA SIZE        =   ----    ----
   IDATA SIZE       =   ----    ----
   BIT SIZE         =   ----    ----
END OF MODULE INFORMATION.


C51 COMPILATION COMPLETE.  0 WARNING(S),  0 ERROR(S)
