C51 COMPILER V9.60.7.0   DELAY_S                                                           12/25/2024 14:06:10 PAGE 1   


C51 COMPILER V9.60.7.0, COMPILATION OF MODULE DELAY_S
OBJECT MODULE PLACED IN .\Objects\Delay_s.obj
COMPILER INVOKED BY: D:\C51V961\C51\BIN\C51.EXE Delay_s.c OPTIMIZE(8,SPEED) BROWSE DEBUG OBJECTEXTEND PRINT(.\Listings\D
                    -elay_s.lst) TABS(2) OBJECT(.\Objects\Delay_s.obj)

line level    source

   1          #include <REGX52.H>
   2          #include <INTRINS.H>
   3          
   4          void Delay_s(unsigned char x10us) //@11.0592MHz
   5          {
   6   1        unsigned char data i;
   7   1        
   8   1        while(x10us--)
   9   1        {
  10   2          i = 2;
  11   2          while (--i);  
  12   2        }
  13   1      }
  14          


MODULE INFORMATION:   STATIC OVERLAYABLE
   CODE SIZE        =     15    ----
   CONSTANT SIZE    =   ----    ----
   XDATA SIZE       =   ----    ----
   PDATA SIZE       =   ----    ----
   DATA SIZE        =   ----    ----
   IDATA SIZE       =   ----    ----
   BIT SIZE         =   ----    ----
END OF MODULE INFORMATION.


C51 COMPILATION COMPLETE.  0 WARNING(S),  0 ERROR(S)
