C51 COMPILER V9.60.7.0   MATRIXLED                                                         12/26/2024 04:02:25 PAGE 1   


C51 COMPILER V9.60.7.0, COMPILATION OF MODULE MATRIXLED
OBJECT MODULE PLACED IN .\Objects\MatrixLED.obj
COMPILER INVOKED BY: D:\C51V961\C51\BIN\C51.EXE MatrixLED.c OPTIMIZE(8,SPEED) BROWSE DEBUG OBJECTEXTEND PRINT(.\Listings
                    -\MatrixLED.lst) TABS(2) OBJECT(.\Objects\MatrixLED.obj)

line level    source

   1          #include <REGX52.H>
   2          #include <INTRINS.H>
   3          #include "Delay_s.h"
   4          
   5          void SR_Write(unsigned char);
   6          
   7          sbit RC = P3^5;
   8          sbit SRC = P3^6;
   9          sbit SER = P3^4;
  10          
  11          void MLED_ShowColumn(unsigned char columnNub, rowData)
  12          {
  13   1        SR_Write(rowData);
  14   1        P0 = ~(0x80 >> columnNub);
  15   1        Delay_s(50); //make light littler longer
  16   1        P0 = ~0x00; //zero it
  17   1        
  18   1      }
  19          
  20          void SR_Write(unsigned char byte) //push active row numbers to matrix
  21          {
  22   1        unsigned int i;
  23   1        for (i = 0; i < 8; i++)
  24   1        {
  25   2          SER = byte & (0x80 >> i); //1000 0000 since the matrix's rows are down to up
  26   2          SRC = 1;
  27   2          SRC = 0;
  28   2        }
  29   1        
  30   1        RC = 1;
  31   1        RC = 0;
  32   1      }
  33          
  34          void MLED_Init()
  35          {
  36   1        SRC = 0;
  37   1        RC = 0;
  38   1      }


MODULE INFORMATION:   STATIC OVERLAYABLE
   CODE SIZE        =     90    ----
   CONSTANT SIZE    =   ----    ----
   XDATA SIZE       =   ----    ----
   PDATA SIZE       =   ----    ----
   DATA SIZE        =   ----       1
   IDATA SIZE       =   ----    ----
   BIT SIZE         =   ----    ----
END OF MODULE INFORMATION.


C51 COMPILATION COMPLETE.  0 WARNING(S),  0 ERROR(S)
