C51 COMPILER V9.60.7.0   MLED_LIB                                                          12/26/2024 04:27:28 PAGE 1   


C51 COMPILER V9.60.7.0, COMPILATION OF MODULE MLED_LIB
OBJECT MODULE PLACED IN .\Objects\MLED_Lib.obj
COMPILER INVOKED BY: D:\C51V961\C51\BIN\C51.EXE MLED_Lib.c OPTIMIZE(8,SPEED) BROWSE DEBUG OBJECTEXTEND PRINT(.\Listings\
                    -MLED_Lib.lst) TABS(2) OBJECT(.\Objects\MLED_Lib.obj)

line level    source

   1          #include <REGX52.H>
   2          #include <INTRINS.H>
   3          #include "MatrixLED.h"
   4          #include "Delay_s.h"
   5          
   6          unsigned char HELLO[] = {0x00,0x00,0x00,0x00,0x00,0x00,0x00,0x00,0xFF,0x08,0x08,0xFF,0x00,0xFF,0x89,0x89,0
             -x89,0x00,0xFF,0x01,0x01,0x01,0x00,0xFF,
   7          0x01,0x01,0x01,0x00,0xFF,0x81,0x81,0xFF,0x00,0xFD,0x00,0x00,0x00,0x00,0x00,0x00,0x00,0x00,0x00,0x00};
   8          
   9          void MLEDShow_HELLO()
  10          {
  11   1        
  12   1        unsigned int i;
  13   1        unsigned int j;
  14   1        unsigned int rep;
  15   1        for (i = 0; i < 44 - 8; i++)
  16   1        {
  17   2          
  18   2          for (rep = 0; rep < 8; rep++)
  19   2          {
  20   3            for (j = 0; j < 8; j++)
  21   3            {
  22   4              MLED_ShowColumn(j, HELLO[j + i]);
  23   4            }
  24   3          }
  25   2        }
  26   1      }


MODULE INFORMATION:   STATIC OVERLAYABLE
   CODE SIZE        =     80    ----
   CONSTANT SIZE    =   ----    ----
   XDATA SIZE       =   ----    ----
   PDATA SIZE       =   ----    ----
   DATA SIZE        =     44       6
   IDATA SIZE       =   ----    ----
   BIT SIZE         =   ----    ----
END OF MODULE INFORMATION.


C51 COMPILATION COMPLETE.  0 WARNING(S),  0 ERROR(S)
