C51 COMPILER V9.60.7.0   MAIN                                                              12/25/2024 10:31:53 PAGE 1   


C51 COMPILER V9.60.7.0, COMPILATION OF MODULE MAIN
OBJECT MODULE PLACED IN .\Objects\main.obj
COMPILER INVOKED BY: D:\C51V961\C51\BIN\C51.EXE main.c OPTIMIZE(8,SPEED) BROWSE DEBUG OBJECTEXTEND PRINT(.\Listings\main
                    -.lst) TABS(2) OBJECT(.\Objects\main.obj)

line level    source

   1          #include <REGX52.H>
   2          #include <INTRINS.H>
   3          #include "SerialCommunication.h"
   4          #include "Delay.h"
   5          
   6          unsigned char sec = 0;
   7          
   8          void main()
   9          {
  10   1        UART_Init();
  11   1        //UART_Send(0x00);
  12   1        while(1)
  13   1        {
  14   2          
  15   2        }
  16   1      }
  17          
  18          void UART_Routine() interrupt 4
  19          {
  20   1        if (RI == 1)
  21   1        {
  22   2          P2 = ~SBUF;
  23   2          UART_Send(~SBUF);
  24   2          RI = 0;
  25   2        }
  26   1      }


MODULE INFORMATION:   STATIC OVERLAYABLE
   CODE SIZE        =     78    ----
   CONSTANT SIZE    =   ----    ----
   XDATA SIZE       =   ----    ----
   PDATA SIZE       =   ----    ----
   DATA SIZE        =      1    ----
   IDATA SIZE       =   ----    ----
   BIT SIZE         =   ----    ----
END OF MODULE INFORMATION.


C51 COMPILATION COMPLETE.  0 WARNING(S),  0 ERROR(S)
