C51 COMPILER V9.60.7.0   SERIALCOMMUNICATION                                               12/25/2024 10:13:17 PAGE 1   


C51 COMPILER V9.60.7.0, COMPILATION OF MODULE SERIALCOMMUNICATION
OBJECT MODULE PLACED IN .\Objects\SerialCommunication.obj
COMPILER INVOKED BY: D:\C51V961\C51\BIN\C51.EXE SerialCommunication.c OPTIMIZE(8,SPEED) BROWSE DEBUG OBJECTEXTEND PRINT(
                    -.\Listings\SerialCommunication.lst) TABS(2) OBJECT(.\Objects\SerialCommunication.obj)

line level    source

   1          #include <REGX52.H>
   2          #include <INTRINS.H>
   3          
   4          void UART_Init()
   5          {
   6   1        //serial control/power control
   7   1        PCON &= 0x7F;   
   8   1        SCON = 0x50;
   9   1        
  10   1        TMOD &= 0x0F;   
  11   1        TMOD |= 0x20; 
  12   1        TL1 = 0xFD;
  13   1        TH1 = 0xFD;
  14   1        ET1 = 0;
  15   1        TR1 = 1;
  16   1        EA = 1;
  17   1        ES = 1;
  18   1      }
  19          
  20          void UART_Send(unsigned char byte)
  21          {
  22   1        SBUF = byte;
  23   1        while(TI == 0);
  24   1        TI = 0;
  25   1      }


MODULE INFORMATION:   STATIC OVERLAYABLE
   CODE SIZE        =     35    ----
   CONSTANT SIZE    =   ----    ----
   XDATA SIZE       =   ----    ----
   PDATA SIZE       =   ----    ----
   DATA SIZE        =   ----    ----
   IDATA SIZE       =   ----    ----
   BIT SIZE         =   ----    ----
END OF MODULE INFORMATION.


C51 COMPILATION COMPLETE.  0 WARNING(S),  0 ERROR(S)
