C51 COMPILER V9.60.7.0   MATRIXLED                                                         12/27/2024 11:15:56 PAGE 1   


C51 COMPILER V9.60.7.0, COMPILATION OF MODULE MATRIXLED
OBJECT MODULE PLACED IN .\Objects\MatrixLED.obj
COMPILER INVOKED BY: D:\C51V961\C51\BIN\C51.EXE MatrixLED.c OPTIMIZE(8,SPEED) BROWSE DEBUG OBJECTEXTEND PRINT(.\Listings
                    -\MatrixLED.lst) TABS(2) OBJECT(.\Objects\MatrixLED.obj)

line level    source

   1          #include <REGX52.H>
   2          #include <INTRINS.H>
   3          #include "Delay_s.h"
   4          
   5          void SR_Write(unsigned char);
   6          
   7          sbit RC = P3^5;
   8          sbit SRC = P3^6;
   9          sbit SER = P3^4;
  10          
  11          //this is range from 0-7
  12          void MLED_ShowColumn(unsigned char columnNub, rowData)
  13          {
  14   1        SR_Write(rowData);
  15   1        P0 = ~(0x80 >> columnNub);
  16   1        Delay_s(50); //make light littler longer
  17   1        P0 = ~0x00; //zero it
  18   1        
  19   1      }
  20          
  21          //input range is from 1-8 for x and y
  22          void MLED_ShowPoint(unsigned char x, y)
  23          {
  24   1        MLED_ShowColumn(x - 1, 0x80 >> (8 - y));
  25   1        
  26   1      }
  27          
  28          void SR_Write(unsigned char byte) //push active row numbers to matrix
  29          {
  30   1        unsigned int i;
  31   1        for (i = 0; i < 8; i++)
  32   1        {
  33   2          SER = byte & (0x80 >> i); //1000 0000 since the matrix's rows are down to up
  34   2          SRC = 1;
  35   2          SRC = 0;
  36   2        }
  37   1        
  38   1        RC = 1;
  39   1        RC = 0;
  40   1      }
  41          
  42          void MLED_Init()
  43          {
  44   1        SRC = 0;
  45   1        RC = 0;
  46   1      }


MODULE INFORMATION:   STATIC OVERLAYABLE
   CODE SIZE        =    125    ----
   CONSTANT SIZE    =   ----    ----
   XDATA SIZE       =   ----    ----
   PDATA SIZE       =   ----    ----
   DATA SIZE        =   ----       1
C51 COMPILER V9.60.7.0   MATRIXLED                                                         12/27/2024 11:15:56 PAGE 2   

   IDATA SIZE       =   ----    ----
   BIT SIZE         =   ----    ----
END OF MODULE INFORMATION.


C51 COMPILATION COMPLETE.  0 WARNING(S),  0 ERROR(S)
