C51 COMPILER V9.60.7.0   MATRIXKEY                                                         12/29/2024 06:03:27 PAGE 1   


C51 COMPILER V9.60.7.0, COMPILATION OF MODULE MATRIXKEY
OBJECT MODULE PLACED IN .\Objects\MatrixKey.obj
COMPILER INVOKED BY: D:\C51V961\C51\BIN\C51.EXE MatrixKey.c OPTIMIZE(8,SPEED) BROWSE DEBUG OBJECTEXTEND PRINT(.\Listings
                    -\MatrixKey.lst) TABS(2) OBJECT(.\Objects\MatrixKey.obj)

line level    source

   1          /*
   2          Source codes for matrix keys
   3          
   4          ps. so sad that I cannot use array to store them, whats a quicker way?
   5          */
   6          #include <REGX52.H>
   7          #include "Delay.h"
   8          
   9          unsigned char getMKey()
  10          {
  11   1        unsigned char key = 0;
  12   1        
  13   1        P1 = 0xFF;
  14   1        P1_0 = 0;
  15   1        if (P1_7 == 0) {Delay(20); while(P1_7 == 0){Delay(20); key = 4;}}
  16   1        if (P1_6 == 0) {Delay(20); while(P1_6 == 0){Delay(20); key = 8;}}
  17   1        if (P1_5 == 0) {Delay(20); while(P1_5 == 0){Delay(20); key = 12;}}
  18   1        if (P1_4 == 0) {Delay(20); while(P1_4 == 0){Delay(20); key = 16;}}
  19   1        
  20   1        return key;
  21   1      }


MODULE INFORMATION:   STATIC OVERLAYABLE
   CODE SIZE        =    110    ----
   CONSTANT SIZE    =   ----    ----
   XDATA SIZE       =   ----    ----
   PDATA SIZE       =   ----    ----
   DATA SIZE        =   ----       1
   IDATA SIZE       =   ----    ----
   BIT SIZE         =   ----    ----
END OF MODULE INFORMATION.


C51 COMPILATION COMPLETE.  0 WARNING(S),  0 ERROR(S)
