C51 COMPILER V9.60.7.0   MLED_LIB                                                          12/29/2024 06:57:08 PAGE 1   


C51 COMPILER V9.60.7.0, COMPILATION OF MODULE MLED_LIB
OBJECT MODULE PLACED IN .\Objects\MLED_Lib.obj
COMPILER INVOKED BY: D:\C51V961\C51\BIN\C51.EXE MLED_Lib.c OPTIMIZE(8,SPEED) BROWSE DEBUG OBJECTEXTEND PRINT(.\Listings\
                    -MLED_Lib.lst) TABS(2) OBJECT(.\Objects\MLED_Lib.obj)

line level    source

   1          #include <REGX52.H>
   2          #include <INTRINS.H>
   3          #include "MatrixLED.h"
   4          
   5          xdata unsigned char A_GAMEOVER[] = {0xFF,0x81,0x89,0x8F,0x00,0x3F,0x48,0x88,0xFF,0x00,0xFF,0x40,0x40,0xFF,
             -0x00,0xFF,
   6          0x89,0x89,0x89,0x00,0x00,0xF0,0x90,0xF0,0x00,0xE0,0x10,0xEF,0x0B,0x09,0x00,0x0F,0x0A,0x0D}; //34 + 16
   7          
   8          xdata unsigned char A_SCORE[] = {0x00,0x00,0x00,0x00,0x00,0x00,0x00,0x00,0x62,0x91,0x89,0x46,0x00,0x7E,0x8
             -1,0x81,0x42,0x00,0x7E,0x89,0x91,0x7E,0x00,0x7F,
   9          0x88,0x94,0x63,0x00,0x7E,0x89,0x89,0x42,0x00,0x00,0x00,0x00,0x00,0x00,0x00,0x00,0x00,0x00}; //28 + 8
  10          
  11          xdata unsigned char A_numberList[10][4] = {{0x7E,0x89,0x91,0x7E},{0x21,0x41,0xFF,0x01},{0x47,0x89,0x91,0x6
             -1},
  12          {0x42,0x91,0x91,0x7E},{0x18,0x28,0x48,0xFF},{0xF1,0x51,0x51,0x4},{0x7E,0x91,0x91,0x4E},
  13          {0x80,0x8F,0x90,0x60},{0x6E,0x91,0x91,0x6E},{0x62,0x91,0x91,0x7E}};
  14            
  15          //xdata unsigned char A_LEVEL[] = {0x00,0x00,0x00,0x00,0x00,0x00,0x00,0x00,0xFF,0x01,0x01,0x00,0xFF,0x89,0
             -x89,0x00,0xFC,0x03,0xFC,0x00,0xFF,0x89,0x89,0x00,
  16          //0xFF,0x01,0x01,0x00,0x00,0x00,0x00,0x00,0x00,0x00,0x00};
  17          
  18          xdata unsigned char A_TITLE[] = {0x1F,0x2C,0x61,0xE1,0xE1,0x6D,0x20,0x1F,};
  19          
  20          //void MLEDShow_HELLO()
  21          //{
  22          //  
  23          //  unsigned int i;
  24          //  unsigned int j;
  25          //  unsigned int rep;
  26          //  for (i = 0; i < 44 - 8; i++)
  27          //  {
  28          //    
  29          //    for (rep = 0; rep < 8; rep++)
  30          //    {
  31          //      for (j = 0; j < 8; j++)
  32          //      {
  33          //        MLED_ShowColumn(j, A_HELLO[j + i]);
  34          //      }
  35          //    }
  36          //  }
  37          //}
  38          
  39          void MLEDShow_GAMEOVER()
  40          {
  41   1        unsigned int i;
  42   1        unsigned int j;
  43   1        unsigned int rep;
  44   1        for (i = 0; i < 34 - 8; i++)
  45   1        {
  46   2          for (rep = 0; rep < 8; rep++)
  47   2          {
  48   3            for (j = 0; j < 8; j++)
  49   3            {
  50   4              MLED_ShowColumn(j, A_GAMEOVER[j + i]);
C51 COMPILER V9.60.7.0   MLED_LIB                                                          12/29/2024 06:57:08 PAGE 2   

  51   4            }
  52   3          }
  53   2        }
  54   1      }
  55          
  56          void MLEDShow_SCORE(unsigned char score)
  57          {
  58   1        unsigned int i;
  59   1        unsigned int j;
  60   1        unsigned int rep;
  61   1        
  62   1        for (i = 0; i < 34; i++)
  63   1        {
  64   2          for (rep = 0; rep < 8; rep++)
  65   2          {
  66   3            for (j = 0; j < 8; j++)
  67   3            {
  68   4              MLED_ShowColumn(j, A_SCORE[j + i]);
  69   4            }
  70   3          }
  71   2        }
  72   1        
  73   1        for (rep = 0; rep < 300; rep++)
  74   1        {
  75   2          for (j = 0; j < 4; j++)
  76   2          {
  77   3            MLED_ShowColumn(j, A_numberList[score / 10][j]);
  78   3          }
  79   2          
  80   2          for (j = 0; j < 4; j++)
  81   2          {
  82   3            MLED_ShowColumn(j + 4, A_numberList[score % 10][j]);
  83   3          }
  84   2        }
  85   1      }
  86          
  87          void MLEDShow_LXY()
  88          {
  89   1        unsigned int j;
  90   1        unsigned int rep;
  91   1        
  92   1        for (rep = 0; rep < 10; rep++)
  93   1          {
  94   2            for (j = 0; j < 8; j++)
  95   2            {
  96   3              MLED_ShowColumn(j, A_TITLE[j]);
  97   3            }
  98   2          }
  99   1      }


MODULE INFORMATION:   STATIC OVERLAYABLE
   CODE SIZE        =    404    ----
   CONSTANT SIZE    =   ----    ----
   XDATA SIZE       =    124    ----
   PDATA SIZE       =   ----    ----
   DATA SIZE        =   ----      17
   IDATA SIZE       =   ----    ----
   BIT SIZE         =   ----    ----
END OF MODULE INFORMATION.


C51 COMPILATION COMPLETE.  0 WARNING(S),  0 ERROR(S)
