C51 COMPILER V9.60.7.0   DELAY                                                             12/22/2024 09:35:51 PAGE 1   


C51 COMPILER V9.60.7.0, COMPILATION OF MODULE DELAY
OBJECT MODULE PLACED IN .\Objects\Delay.obj
COMPILER INVOKED BY: D:\C51V961\C51\BIN\C51.EXE Delay.c OPTIMIZE(8,SPEED) BROWSE DEBUG OBJECTEXTEND PRINT(.\Listings\Del
                    -ay.lst) TABS(2) OBJECT(.\Objects\Delay.obj)

line level    source

   1          /*
   2          Delay function source code
   3          */
   4          #include <INTRINS.H>
   5          
   6          //Delay customizable time of ms
   7          void Delay(unsigned int xms)  //@11.0592MHz
   8          {
   9   1        unsigned char data i, j;
  10   1      
  11   1        while(xms--)
  12   1        {
  13   2          _nop_();
  14   2          _nop_();
  15   2          _nop_();
  16   2          i = 11;
  17   2          j = 190;
  18   2          do
  19   2          {
  20   3            while (--j);
  21   3          } while (--i);
  22   2        }
  23   1      }


MODULE INFORMATION:   STATIC OVERLAYABLE
   CODE SIZE        =     24    ----
   CONSTANT SIZE    =   ----    ----
   XDATA SIZE       =   ----    ----
   PDATA SIZE       =   ----    ----
   DATA SIZE        =   ----    ----
   IDATA SIZE       =   ----    ----
   BIT SIZE         =   ----    ----
END OF MODULE INFORMATION.


C51 COMPILATION COMPLETE.  0 WARNING(S),  0 ERROR(S)
