C51 COMPILER V9.60.7.0   MAIN                                                              01/03/2025 10:07:41 PAGE 1   


C51 COMPILER V9.60.7.0, COMPILATION OF MODULE MAIN
OBJECT MODULE PLACED IN .\Objects\main.obj
COMPILER INVOKED BY: D:\C51V961\C51\BIN\C51.EXE main.c OPTIMIZE(8,SPEED) BROWSE DEBUG OBJECTEXTEND PRINT(.\Listings\main
                    -.lst) TABS(2) OBJECT(.\Objects\main.obj)

line level    source

   1          #include <REGX52.H>
   2          #include "Delay.h"
   3          #include "Timer0.h"
   4          #include "Music.h"
   5          
   6          void main()
   7          {
   8   1        Timer0_Init();
   9   1        musicSelect(2);
  10   1        while(1)
  11   1        {
  12   2          musicUpdate();  
  13   2        }
  14   1      }
  15          
  16          void Timer0_Routine() interrupt 1
  17          {
  18   1        //static unsigned int count;
  19   1        TL0 = freqLUpdate();
  20   1        TH0 = freqHUpdate();
  21   1        //count++;
  22   1        buzz();
  23   1      }


MODULE INFORMATION:   STATIC OVERLAYABLE
   CODE SIZE        =     82    ----
   CONSTANT SIZE    =   ----    ----
   XDATA SIZE       =   ----    ----
   PDATA SIZE       =   ----    ----
   DATA SIZE        =   ----    ----
   IDATA SIZE       =   ----    ----
   BIT SIZE         =   ----    ----
END OF MODULE INFORMATION.


C51 COMPILATION COMPLETE.  0 WARNING(S),  0 ERROR(S)
