C51 COMPILER V9.60.7.0   MAIN                                                              12/22/2024 01:39:43 PAGE 1   


C51 COMPILER V9.60.7.0, COMPILATION OF MODULE MAIN
OBJECT MODULE PLACED IN .\Objects\main.obj
COMPILER INVOKED BY: D:\C51V961\C51\BIN\C51.EXE main.c OPTIMIZE(8,SPEED) BROWSE DEBUG OBJECTEXTEND PRINT(.\Listings\main
                    -.lst) TABS(2) OBJECT(.\Objects\main.obj)

line level    source

   1          #include <REGX52.H>
   2          #include <INTRINS.H>
   3          
   4          void delay(unsigned int);
   5          
   6          void main()
   7          {
   8   1        unsigned int led = 0x80; //1000 0000
   9   1        P2 = ~led;
  10   1        while(1)
  11   1        {
  12   2          if (P3_3 == 0 && led != 0x80)
  13   2          {
  14   3            delay(20);
  15   3            while(P3_3 == 0);
  16   3            delay(20);
  17   3            
  18   3            led <<= 1;
  19   3            P2 = ~led;
  20   3          }
  21   2          
  22   2          if (P3_1 == 0 && led != 0x01)
  23   2          {
  24   3            delay(20);
  25   3            while(P3_1 == 0);
  26   3            delay(20);
  27   3            
  28   3            led >>= 1;
  29   3            P2 = ~led;
  30   3          }
  31   2        }
  32   1      }
  33          
  34          /*
  35          Delay customizable number of ms.
  36          */
  37          void Delay(unsigned int xms)  //@11.0592MHz
  38          {
  39   1        unsigned char data i, j;
  40   1        while(xms)
  41   1        {
  42   2          _nop_();
  43   2          _nop_();
  44   2          _nop_();
  45   2          i = 11;
  46   2          j = 190;
  47   2          do
  48   2          {
  49   3            while (--j);
  50   3          } while (--i);
  51   2          
  52   2          xms--;
  53   2        }
  54   1      }
C51 COMPILER V9.60.7.0   MAIN                                                              12/22/2024 01:39:43 PAGE 2   



MODULE INFORMATION:   STATIC OVERLAYABLE
   CODE SIZE        =    122    ----
   CONSTANT SIZE    =   ----    ----
   XDATA SIZE       =   ----    ----
   PDATA SIZE       =   ----    ----
   DATA SIZE        =   ----       2
   IDATA SIZE       =   ----    ----
   BIT SIZE         =   ----    ----
END OF MODULE INFORMATION.


C51 COMPILATION COMPLETE.  0 WARNING(S),  0 ERROR(S)
