C51 COMPILER V9.60.7.0   MAIN                                                              12/22/2024 01:04:56 PAGE 1   


C51 COMPILER V9.60.7.0, COMPILATION OF MODULE MAIN
OBJECT MODULE PLACED IN .\Objects\main.obj
COMPILER INVOKED BY: D:\C51V961\C51\BIN\C51.EXE main.c OPTIMIZE(8,SPEED) BROWSE DEBUG OBJECTEXTEND PRINT(.\Listings\main
                    -.lst) TABS(2) OBJECT(.\Objects\main.obj)

line level    source

   1          #include <REGX52.H>
   2          #include <INTRINS.H>
   3          
   4          void Delay(unsigned int);
   5          
   6          void main()
   7          {
   8   1        unsigned int led = 0x00;
   9   1        
  10   1        while(1)
  11   1        {
  12   2          if (P3_1 == 0)
  13   2          {
  14   3            Delay(20);
  15   3            while(P3_1 == 0);
  16   3            Delay(20); //simpler way to write one click
  17   3            //codes after one click
  18   3            led++;
  19   3            P2 = ~led;
  20   3          }
  21   2        }
  22   1      }
  23          
  24          /*
  25          Delay customizable number of ms.
  26          */
  27          void Delay(unsigned int xms)  //@11.0592MHz
  28          {
  29   1        unsigned char data i, j;
  30   1        while(xms)
  31   1        {
  32   2          _nop_();
  33   2          _nop_();
  34   2          _nop_();
  35   2          i = 11;
  36   2          j = 190;
  37   2          do
  38   2          {
  39   3            while (--j);
  40   3          } while (--i);
  41   2          
  42   2          xms--;
  43   2        }
  44   1      }


MODULE INFORMATION:   STATIC OVERLAYABLE
   CODE SIZE        =     61    ----
   CONSTANT SIZE    =   ----    ----
   XDATA SIZE       =   ----    ----
   PDATA SIZE       =   ----    ----
   DATA SIZE        =   ----       2
   IDATA SIZE       =   ----    ----
   BIT SIZE         =   ----    ----
C51 COMPILER V9.60.7.0   MAIN                                                              12/22/2024 01:04:56 PAGE 2   

END OF MODULE INFORMATION.


C51 COMPILATION COMPLETE.  0 WARNING(S),  0 ERROR(S)
